<?xml version="1.0" encoding="UTF-8"?>
<!-- Generated by org.testng.reporters.JUnitReportReporter -->
<testsuite skipped="0" hostname="LAPTOP-E1KTHKC6" name="testRunner.Runner" tests="1" failures="0" timestamp="2020-08-05T01:59:01 AST" time="23.445" errors="0">
  <testcase name="feature" time="23.445" classname="testRunner.Runner"/>
  <system-out/>
</testsuite> <!-- testRunner.Runner -->
